<?xml version="1.0" encoding="UTF-8"?>
<testng-results ignored="0" total="1" passed="1" failed="0" skipped="0">
  <reporter-output>
  </reporter-output>
  <suite started-at="2025-04-17T12:15:33Z" name="Default suite" finished-at="2025-04-17T12:15:42Z" duration-ms="9297">
    <groups>
    </groups>
    <test started-at="2025-04-17T12:15:33Z" name="Default test" finished-at="2025-04-17T12:15:42Z" duration-ms="9297">
      <class name="com.eclipse.sauceDemoProj.SauceDemoFullFlow">
        <test-method signature="LoginToSauceDemoAndAddObjectsToCart()[pri:0, instance:com.eclipse.sauceDemoProj.SauceDemoFullFlow@1b919693]" started-at="2025-04-17T12:15:33Z" name="LoginToSauceDemoAndAddObjectsToCart" finished-at="2025-04-17T12:15:42Z" duration-ms="9279" status="PASS">
          <reporter-output>
          </reporter-output>
        </test-method> <!-- LoginToSauceDemoAndAddObjectsToCart -->
      </class> <!-- com.eclipse.sauceDemoProj.SauceDemoFullFlow -->
    </test> <!-- Default test -->
  </suite> <!-- Default suite -->
</testng-results>
